Resolving dependencies...
Downloading packages...
  characters 1.4.0 (1.4.1 available)
  flutter_launcher_icons 0.13.1 (0.14.4 available)
  flutter_lints 3.0.2 (6.0.0 available)
  flutter_riverpod 2.6.1 (3.1.0 available)
  flutter_secure_storage 9.2.4 (10.0.0 available)
  flutter_secure_storage_linux 1.2.3 (3.0.0 available)
  flutter_secure_storage_macos 3.1.3 (4.0.0 available)
  flutter_secure_storage_platform_interface 1.1.2 (2.0.1 available)
  flutter_secure_storage_web 1.2.1 (2.1.0 available)
  flutter_secure_storage_windows 3.1.2 (4.1.0 available)
  intl 0.19.0 (0.20.2 available)
  js 0.6.7 (0.7.2 available)
  lints 3.0.0 (6.0.0 available)
  matcher 0.12.17 (0.12.18 available)
  material_color_utilities 0.11.1 (0.13.0 available)
  mgrs_dart 2.0.0 (3.0.0 available)
  package_info_plus 8.3.1 (9.0.0 available)
  proj4dart 2.1.0 (3.0.0 available)
  riverpod 2.6.1 (3.1.0 available)
  test_api 0.7.7 (0.7.8 available)
  unicode 0.3.1 (1.1.8 available)
Got dependencies!
21 packages have newer versions incompatible with dependency constraints.
Try `flutter pub outdated` for more information.
Running Gradle task 'assembleDebug'...                          
lib/models/store_product.dart:32:19: Error: 'category' isn't an instance field of this class.
    required this.category, 
                  ^^^^^^^^
lib/models/store_product.dart:46:10: Error: 'variants' isn't an instance field of this class.
    this.variants = const [],
         ^^^^^^^^
lib/models/store_product.dart:87:19: Error: The getter 'category' isn't defined for the type 'StoreProduct'.
 - 'StoreProduct' is from 'package:laundry_app/models/store_product.dart' ('lib/models/store_product.dart').
Try correcting the name to the name of an existing getter, or defining a getter or field named 'category'.
      'category': category,
                  ^^^^^^^^
lib/models/store_product.dart:94:21: Error: The getter 'variants' isn't defined for the type 'StoreProduct'.
 - 'StoreProduct' is from 'package:laundry_app/models/store_product.dart' ('lib/models/store_product.dart').
Try correcting the name to the name of an existing getter, or defining a getter or field named 'variants'.
      'variations': variants.map((e) => e.toJson()).toList(),
                    ^^^^^^^^
lib/screens/user/products/products_screen.dart:64:69: Error: The getter 'category' isn't defined for the type 'StoreProduct'.
 - 'StoreProduct' is from 'package:laundry_app/models/store_product.dart' ('lib/models/store_product.dart').
Try correcting the name to the name of an existing getter, or defining a getter or field named 'category'.
      final matchesCategory = _selectedCategory == "All" || product.category == _selectedCategory;
                                                                    ^^^^^^^^
lib/screens/user/products/product_detail_screen.dart:37:24: Error: The getter 'variants' isn't defined for the type 'StoreProduct'.
 - 'StoreProduct' is from 'package:laundry_app/models/store_product.dart' ('lib/models/store_product.dart').
Try correcting the name to the name of an existing getter, or defining a getter or field named 'variants'.
    if (widget.product.variants.isNotEmpty) {
                       ^^^^^^^^
lib/screens/user/products/product_detail_screen.dart:38:42: Error: The getter 'variants' isn't defined for the type 'StoreProduct'.
 - 'StoreProduct' is from 'package:laundry_app/models/store_product.dart' ('lib/models/store_product.dart').
Try correcting the name to the name of an existing getter, or defining a getter or field named 'variants'.
       _selectedVariant = widget.product.variants.first;
                                         ^^^^^^^^
lib/screens/user/products/product_detail_screen.dart:64:33: Error: The getter 'variants' isn't defined for the type 'StoreProduct'.
 - 'StoreProduct' is from 'package:laundry_app/models/store_product.dart' ('lib/models/store_product.dart').
Try correcting the name to the name of an existing getter, or defining a getter or field named 'variants'.
             if (widget.product.variants.isNotEmpty) {
                                ^^^^^^^^
lib/screens/user/products/product_detail_screen.dart:230:47: Error: The getter 'variants' isn't defined for the type 'StoreProduct'.
 - 'StoreProduct' is from 'package:laundry_app/models/store_product.dart' ('lib/models/store_product.dart').
Try correcting the name to the name of an existing getter, or defining a getter or field named 'variants'.
                           if (widget.product.variants.isNotEmpty) ...[
                                              ^^^^^^^^
lib/screens/user/products/product_detail_screen.dart:237:57: Error: The getter 'variants' isn't defined for the type 'StoreProduct'.
 - 'StoreProduct' is from 'package:laundry_app/models/store_product.dart' ('lib/models/store_product.dart').
Try correcting the name to the name of an existing getter, or defining a getter or field named 'variants'.
                               children: widget.product.variants.map((v) {
                                                        ^^^^^^^^
lib/screens/user/products/product_detail_screen.dart:278:72: Error: The getter 'category' isn't defined for the type 'StoreProduct'.
 - 'StoreProduct' is from 'package:laundry_app/models/store_product.dart' ('lib/models/store_product.dart').
Try correcting the name to the name of an existing getter, or defining a getter or field named 'category'.
                                         TextSpan(text: widget.product.category, style: const TextStyle(fontWeight: FontWeight.bold, decoration: TextDecoration.underline)),
                                                                       ^^^^^^^^
lib/screens/user/products/product_detail_screen.dart:477:34: Error: The getter 'cachedProducts' isn't defined for the type 'StoreService'.
 - 'StoreService' is from 'package:laundry_app/services/store_service.dart' ('lib/services/store_service.dart').
Try correcting the name to the name of an existing getter, or defining a getter or field named 'cachedProducts'.
    final sameCategory = service.cachedProducts.where((p) => p.category == widget.product.category && p.id != widget.product.id).toList();
                                 ^^^^^^^^^^^^^^
lib/screens/user/products/product_detail_screen.dart:477:91: Error: The getter 'category' isn't defined for the type 'StoreProduct'.
 - 'StoreProduct' is from 'package:laundry_app/models/store_product.dart' ('lib/models/store_product.dart').
Try correcting the name to the name of an existing getter, or defining a getter or field named 'category'.
    final sameCategory = service.cachedProducts.where((p) => p.category == widget.product.category && p.id != widget.product.id).toList();
                                                                                          ^^^^^^^^
lib/screens/admin/products/admin_add_product_screen.dart:56:28: Error: The getter 'category' isn't defined for the type 'StoreProduct'.
 - 'StoreProduct' is from 'package:laundry_app/models/store_product.dart' ('lib/models/store_product.dart').
Try correcting the name to the name of an existing getter, or defining a getter or field named 'category'.
    _selectedCategory = p?.category ?? "Cleaning";
                           ^^^^^^^^
lib/screens/admin/products/admin_add_product_screen.dart:59:20: Error: The getter 'variants' isn't defined for the type 'StoreProduct'.
 - 'StoreProduct' is from 'package:laundry_app/models/store_product.dart' ('lib/models/store_product.dart').
Try correcting the name to the name of an existing getter, or defining a getter or field named 'variants'.
    _variants = p?.variants ?? [];
                   ^^^^^^^^
Target kernel_snapshot_program failed: Exception


FAILURE: Build failed with an exception.

* What went wrong:
Execution failed for task ':app:compileFlutterBuildDebug'.
> Process 'command '/Users/directorm/Development/flutter/bin/flutter'' finished with non-zero exit value 1

* Try:
> Run with --stacktrace option to get the stack trace.
> Run with --info or --debug option to get more log output.
> Run with --scan to get full insights.
> Get more help at https://help.gradle.org.

BUILD FAILED in 3s
Running Gradle task 'assembleDebug'...                              3.2s
Gradle task assembleDebug failed with exit code 1
