Resolving dependencies...
Downloading packages...
  characters 1.4.0 (1.4.1 available)
  flutter_launcher_icons 0.13.1 (0.14.4 available)
  flutter_lints 3.0.2 (6.0.0 available)
  flutter_riverpod 2.6.1 (3.1.0 available)
  flutter_secure_storage 9.2.4 (10.0.0 available)
  flutter_secure_storage_linux 1.2.3 (3.0.0 available)
  flutter_secure_storage_macos 3.1.3 (4.0.0 available)
  flutter_secure_storage_platform_interface 1.1.2 (2.0.1 available)
  flutter_secure_storage_web 1.2.1 (2.1.0 available)
  flutter_secure_storage_windows 3.1.2 (4.1.0 available)
  intl 0.19.0 (0.20.2 available)
  js 0.6.7 (0.7.2 available)
  lints 3.0.0 (6.0.0 available)
  matcher 0.12.17 (0.12.18 available)
  material_color_utilities 0.11.1 (0.13.0 available)
  mgrs_dart 2.0.0 (3.0.0 available)
  package_info_plus 8.3.1 (9.0.0 available)
  proj4dart 2.1.0 (3.0.0 available)
  riverpod 2.6.1 (3.1.0 available)
  test_api 0.7.7 (0.7.8 available)
  unicode 0.3.1 (1.1.8 available)
Got dependencies!
21 packages have newer versions incompatible with dependency constraints.
Try `flutter pub outdated` for more information.
Running Gradle task 'assembleDebug'...                          
lib/screens/admin/products/admin_add_product_screen.dart:236:25: Error: Can't find ']' to match '['.
              children: [
                        ^
lib/screens/admin/products/admin_add_product_screen.dart:318:27: Error: Expected ')' before this.
                  children: [
                          ^
lib/screens/admin/products/admin_add_product_screen.dart:384:17: Error: Expected an identifier, but got 'if'.
Try inserting an identifier before 'if'.
                if (_variants.isEmpty) const Text("No variants added", style: TextStyle(color: Colors.white30)),
                ^^
lib/screens/admin/products/admin_add_product_screen.dart:384:17: Error: Expected ')' before this.
                if (_variants.isEmpty) const Text("No variants added", style: TextStyle(color: Colors.white30)),
                ^^
lib/screens/admin/products/admin_add_product_screen.dart:232:22: Error: Too many positional arguments: 0 allowed, but 5 found.
Try removing the extra positional arguments.
          child: Form(
                     ^
../../../Development/flutter/packages/flutter/lib/src/widgets/form.dart:62:9: Context: Found this candidate, but the arguments don't match.
  const Form({
        ^^^^
lib/screens/admin/products/admin_add_product_screen.dart:424:7: Error: Expected ';' after this.
      ),
      ^
lib/screens/admin/products/admin_add_product_screen.dart:424:8: Error: Expected an identifier, but got ','.
Try inserting an identifier before ','.
      ),
       ^
lib/screens/admin/products/admin_add_product_screen.dart:424:8: Error: Unexpected token ';'.
      ),
       ^
lib/screens/admin/products/admin_add_product_screen.dart:425:5: Error: Expected an identifier, but got ')'.
Try inserting an identifier before ')'.
    );
    ^
lib/screens/admin/products/admin_add_product_screen.dart:424:8: Error: Expected ';' after this.
      ),
       ^
lib/screens/admin/products/admin_add_product_screen.dart:425:5: Error: Unexpected token ';'.
    );
    ^
Target kernel_snapshot_program failed: Exception


FAILURE: Build failed with an exception.

* What went wrong:
Execution failed for task ':app:compileFlutterBuildDebug'.
> Process 'command '/Users/directorm/Development/flutter/bin/flutter'' finished with non-zero exit value 1

* Try:
> Run with --stacktrace option to get the stack trace.
> Run with --info or --debug option to get more log output.
> Run with --scan to get full insights.
> Get more help at https://help.gradle.org.

BUILD FAILED in 2s
Running Gradle task 'assembleDebug'...                           2,370ms
Gradle task assembleDebug failed with exit code 1
