Resolving dependencies...
Downloading packages...
  characters 1.4.0 (1.4.1 available)
  flutter_launcher_icons 0.13.1 (0.14.4 available)
  flutter_lints 3.0.2 (6.0.0 available)
  flutter_riverpod 2.6.1 (3.1.0 available)
  flutter_secure_storage 9.2.4 (10.0.0 available)
  flutter_secure_storage_linux 1.2.3 (3.0.0 available)
  flutter_secure_storage_macos 3.1.3 (4.0.0 available)
  flutter_secure_storage_platform_interface 1.1.2 (2.0.1 available)
  flutter_secure_storage_web 1.2.1 (2.1.0 available)
  flutter_secure_storage_windows 3.1.2 (4.1.0 available)
  intl 0.19.0 (0.20.2 available)
  js 0.6.7 (0.7.2 available)
  lints 3.0.0 (6.0.0 available)
  matcher 0.12.17 (0.12.18 available)
  material_color_utilities 0.11.1 (0.13.0 available)
  mgrs_dart 2.0.0 (3.0.0 available)
  package_info_plus 8.3.1 (9.0.0 available)
  proj4dart 2.1.0 (3.0.0 available)
  riverpod 2.6.1 (3.1.0 available)
  test_api 0.7.7 (0.7.8 available)
  unicode 0.3.1 (1.1.8 available)
Got dependencies!
21 packages have newer versions incompatible with dependency constraints.
Try `flutter pub outdated` for more information.
Running Gradle task 'assembleDebug'...                          
lib/screens/user/products/store_checkout_screen.dart:22:104: Error: Can't find '}' to match '{'.
class _StoreCheckoutScreenState extends State<StoreCheckoutScreen> with SingleTickerProviderStateMixin {
                                                                                          ^
lib/screens/user/products/store_checkout_screen.dart:173:16: Error: The method '_buildBottomBar' isn't defined for the type '_StoreCheckoutScreenState'.
 - '_StoreCheckoutScreenState' is from 'package:laundry_app/screens/user/products/store_checkout_screen.dart' ('lib/screens/user/products/store_checkout_screen.dart').
Try correcting the name to the name of an existing method, or defining a method named '_buildBottomBar'.
               _buildBottomBar(isDark),
               ^^^^^^^^^^^^^^^
lib/screens/user/products/store_checkout_screen.dart:228:12: Error: The method '_buildOptionTile' isn't defined for the type '_StoreCheckoutScreenState'.
 - '_StoreCheckoutScreenState' is from 'package:laundry_app/screens/user/products/store_checkout_screen.dart' ('lib/screens/user/products/store_checkout_screen.dart').
Try correcting the name to the name of an existing method, or defining a method named '_buildOptionTile'.
           _buildOptionTile(
           ^^^^^^^^^^^^^^^^
lib/screens/user/products/store_checkout_screen.dart:244:40: Error: The method '_buildTextField' isn't defined for the type '_StoreCheckoutScreenState'.
 - '_StoreCheckoutScreenState' is from 'package:laundry_app/screens/user/products/store_checkout_screen.dart' ('lib/screens/user/products/store_checkout_screen.dart').
Try correcting the name to the name of an existing method, or defining a method named '_buildTextField'.
                       Expanded(child: _buildTextField(_deliveryAddressController, "Delivery Address (Manual or GPS)", Icons.location_on, isDark)),
                                       ^^^^^^^^^^^^^^^
lib/screens/user/products/store_checkout_screen.dart:275:20: Error: The method '_buildTextField' isn't defined for the type '_StoreCheckoutScreenState'.
 - '_StoreCheckoutScreenState' is from 'package:laundry_app/screens/user/products/store_checkout_screen.dart' ('lib/screens/user/products/store_checkout_screen.dart').
Try correcting the name to the name of an existing method, or defining a method named '_buildTextField'.
                   _buildTextField(_contactPhoneController, "Contact Phone", Icons.phone, isDark),
                   ^^^^^^^^^^^^^^^
lib/screens/user/products/store_checkout_screen.dart:283:11: Error: The method '_buildOptionTile' isn't defined for the type '_StoreCheckoutScreenState'.
 - '_StoreCheckoutScreenState' is from 'package:laundry_app/screens/user/products/store_checkout_screen.dart' ('lib/screens/user/products/store_checkout_screen.dart').
Try correcting the name to the name of an existing method, or defining a method named '_buildOptionTile'.
          _buildOptionTile(
          ^^^^^^^^^^^^^^^^
lib/screens/user/products/store_checkout_screen.dart:292:37: Error: The method '_buildBranchInfo' isn't defined for the type '_StoreCheckoutScreenState'.
 - '_StoreCheckoutScreenState' is from 'package:laundry_app/screens/user/products/store_checkout_screen.dart' ('lib/screens/user/products/store_checkout_screen.dart').
Try correcting the name to the name of an existing method, or defining a method named '_buildBranchInfo'.
          if (_deliveryOption == 2) _buildBranchInfo(isDark),
                                    ^^^^^^^^^^^^^^^^
lib/screens/user/products/store_checkout_screen.dart:368:13: Error: Expected an identifier, but got ']'.
Try inserting an identifier before ']'.
            ],
            ^
lib/screens/user/products/store_checkout_screen.dart:367:6: Error: Expected ';' after this.
    );
     ^
lib/screens/user/products/store_checkout_screen.dart:368:13: Error: Unexpected token ';'.
            ],
            ^
lib/screens/user/products/store_checkout_screen.dart:368:14: Error: Expected an identifier, but got ','.
Try inserting an identifier before ','.
            ],
             ^
lib/screens/user/products/store_checkout_screen.dart:368:13: Error: Expected ';' after this.
            ],
            ^
lib/screens/user/products/store_checkout_screen.dart:368:14: Error: Unexpected token ';'.
            ],
             ^
lib/screens/user/products/store_checkout_screen.dart:369:11: Error: Expected an identifier, but got ')'.
Try inserting an identifier before ')'.
          ),
          ^
lib/screens/user/products/store_checkout_screen.dart:368:14: Error: Expected ';' after this.
            ],
             ^
lib/screens/user/products/store_checkout_screen.dart:369:11: Error: Unexpected token ';'.
          ),
          ^
lib/screens/user/products/store_checkout_screen.dart:369:12: Error: Expected an identifier, but got ','.
Try inserting an identifier before ','.
          ),
           ^
lib/screens/user/products/store_checkout_screen.dart:369:11: Error: Expected ';' after this.
          ),
          ^
lib/screens/user/products/store_checkout_screen.dart:369:12: Error: Unexpected token ';'.
          ),
           ^
lib/screens/user/products/store_checkout_screen.dart:370:33: Error: Expected an identifier, but got '...'.
Try inserting an identifier before '...'.
          if (_deliveryFee > 0) ...[
                                ^^^
lib/screens/user/products/store_checkout_screen.dart:371:39: Error: Expected ']' before this.
            const SizedBox(height: 10),
                                      ^
lib/screens/user/products/store_checkout_screen.dart:379:11: Error: Expected ';' after this.
          ],
          ^
lib/screens/user/products/store_checkout_screen.dart:379:12: Error: Expected an identifier, but got ','.
Try inserting an identifier before ','.
          ],
           ^
lib/screens/user/products/store_checkout_screen.dart:379:12: Error: Unexpected token ';'.
          ],
           ^
lib/screens/user/products/store_checkout_screen.dart:380:25: Error: Expected ';' after this.
          const Divider(),
                        ^
lib/screens/user/products/store_checkout_screen.dart:380:26: Error: Expected an identifier, but got ','.
Try inserting an identifier before ','.
          const Divider(),
                         ^
lib/screens/user/products/store_checkout_screen.dart:380:26: Error: Unexpected token ';'.
          const Divider(),
                         ^
lib/screens/user/products/store_checkout_screen.dart:387:11: Error: Expected ';' after this.
          ),
          ^
lib/screens/user/products/store_checkout_screen.dart:387:12: Error: Expected an identifier, but got ','.
Try inserting an identifier before ','.
          ),
           ^
lib/screens/user/products/store_checkout_screen.dart:387:12: Error: Unexpected token ';'.
          ),
           ^
Target kernel_snapshot_program failed: Exception


FAILURE: Build failed with an exception.

* What went wrong:
Execution failed for task ':app:compileFlutterBuildDebug'.
> Process 'command '/Users/directorm/Development/flutter/bin/flutter'' finished with non-zero exit value 1

* Try:
> Run with --stacktrace option to get the stack trace.
> Run with --info or --debug option to get more log output.
> Run with --scan to get full insights.
> Get more help at https://help.gradle.org.

BUILD FAILED in 2s
Running Gradle task 'assembleDebug'...                           2,753ms
Gradle task assembleDebug failed with exit code 1
